<?xml version="1.0" encoding="UTF-8"?>
<testng-results skipped="0" failed="0" total="1" passed="1">
  <reporter-output>
  </reporter-output>
  <suite name="Suite" duration-ms="17808" started-at="2017-03-10T12:12:33Z" finished-at="2017-03-10T12:12:51Z">
    <groups>
    </groups>
    <test name="Test" duration-ms="17808" started-at="2017-03-10T12:12:33Z" finished-at="2017-03-10T12:12:51Z">
      <class name="JavaPackage.JavaClass">
        <test-method status="PASS" signature="beforeTest()[pri:0, instance:JavaPackage.JavaClass@3532ec19]" name="beforeTest" is-config="true" duration-ms="11879" started-at="2017-03-10T07:12:33Z" finished-at="2017-03-10T07:12:45Z">
          <reporter-output>
          </reporter-output>
        </test-method> <!-- beforeTest -->
        <test-method status="PASS" signature="test()[pri:0, instance:JavaPackage.JavaClass@3532ec19]" name="test" duration-ms="5887" started-at="2017-03-10T07:12:45Z" finished-at="2017-03-10T07:12:51Z">
          <reporter-output>
          </reporter-output>
        </test-method> <!-- test -->
        <test-method status="PASS" signature="afterTest()[pri:0, instance:JavaPackage.JavaClass@3532ec19]" name="afterTest" is-config="true" duration-ms="0" started-at="2017-03-10T07:12:51Z" finished-at="2017-03-10T07:12:51Z">
          <reporter-output>
          </reporter-output>
        </test-method> <!-- afterTest -->
      </class> <!-- JavaPackage.JavaClass -->
    </test> <!-- Test -->
  </suite> <!-- Suite -->
</testng-results>
